2025-03-12 03:49:31 Loading main app package /usr/lib/obsidian/obsidian.asar
2025-03-12 03:49:31 Checking for update using Github
2025-03-12 03:49:31 Success.
2025-03-12 03:49:31 Latest version is 1.8.9
2025-03-12 03:49:31 App is up to date.
2025-03-12 04:23:22 Loading main app package /usr/lib/obsidian/obsidian.asar
2025-03-12 04:23:22 Checking for update using Github
2025-03-12 04:23:22 Success.
2025-03-12 04:23:22 Latest version is 1.8.9
2025-03-12 04:23:22 App is up to date.
2025-03-12 04:24:52 Loading main app package /usr/lib/obsidian/obsidian.asar
2025-03-12 04:24:52 Checking for update using Github
2025-03-12 04:24:52 Success.
2025-03-12 04:24:52 Latest version is 1.8.9
2025-03-12 04:24:52 App is up to date.
2025-03-12 04:25:52 Loading main app package /usr/lib/obsidian/obsidian.asar
2025-03-12 04:25:52 Checking for update using Github
2025-03-12 04:25:52 Success.
2025-03-12 04:25:52 Latest version is 1.8.9
2025-03-12 04:25:52 App is up to date.
2025-03-12 04:34:33 Loading main app package /usr/lib/obsidian/obsidian.asar
2025-03-12 04:34:33 Checking for update using Github
2025-03-12 04:34:33 Success.
2025-03-12 04:34:33 Latest version is 1.8.9
2025-03-12 04:34:33 App is up to date.
2025-03-12 14:52:50 Checking for update using Github
2025-03-12 14:52:50 Success.
2025-03-12 14:52:50 Latest version is 1.8.9
2025-03-12 14:52:50 App is up to date.
2025-03-12 15:52:50 Checking for update using Github
2025-03-12 15:52:50 Success.
2025-03-12 15:52:50 Latest version is 1.8.9
2025-03-12 15:52:50 App is up to date.
2025-03-13 00:39:34 Checking for update using Github
2025-03-13 00:39:34 Success.
2025-03-13 00:39:34 Latest version is 1.8.9
2025-03-13 00:39:34 App is up to date.
2025-03-13 01:12:36 Loading main app package /usr/lib/obsidian/obsidian.asar
2025-03-13 01:12:36 Checking for update using Github
2025-03-13 01:12:37 Success.
2025-03-13 01:12:37 Latest version is 1.8.9
2025-03-13 01:12:37 App is up to date.
2025-03-13 14:05:19 Loading main app package /usr/lib/obsidian/obsidian.asar
2025-03-13 14:05:19 Checking for update using Github
2025-03-13 14:05:19 Success.
2025-03-13 14:05:19 Latest version is 1.8.9
2025-03-13 14:05:19 App is up to date.
2025-03-13 14:17:15 Loading main app package /usr/lib/obsidian/obsidian.asar
2025-03-13 14:17:15 Checking for update using Github
2025-03-13 14:17:15 Success.
2025-03-13 14:17:15 Latest version is 1.8.9
2025-03-13 14:17:15 App is up to date.
2025-03-13 16:34:59 Checking for update using Github
2025-03-13 16:34:59 Success.
2025-03-13 16:34:59 Latest version is 1.8.9
2025-03-13 16:34:59 App is up to date.
2025-03-13 19:11:56 Loading main app package /usr/lib/obsidian/obsidian.asar
2025-03-13 19:11:57 Checking for update using Github
2025-03-13 19:11:57 Failed to check for update using Github (net::ERR_INTERNET_DISCONNECTED)
2025-03-13 19:11:57 Checking for update using obsidian.md
2025-03-13 19:11:57 Failed to check for update using obsidian.md (net::ERR_INTERNET_DISCONNECTED)
2025-03-22 20:41:36 Loading main app package /usr/lib/obsidian/obsidian.asar
2025-03-22 20:41:36 Checking for update using Github
2025-03-22 20:41:36 Success.
2025-03-22 20:41:36 Latest version is 1.8.9
2025-03-22 20:41:36 App is up to date.
2025-03-22 21:11:28 Loading main app package /usr/lib/obsidian/obsidian.asar
2025-03-22 21:11:29 Checking for update using Github
2025-03-22 21:11:29 Success.
2025-03-22 21:11:29 Latest version is 1.8.9
2025-03-22 21:11:29 App is up to date.
2025-03-25 14:14:49 Loading main app package /usr/lib/obsidian/obsidian.asar
2025-03-25 14:14:49 Checking for update using Github
2025-03-25 14:14:49 Success.
2025-03-25 14:14:49 Latest version is 1.8.9
2025-03-25 14:14:49 App is up to date.
2025-03-25 15:14:47 Checking for update using Github
2025-03-25 15:14:47 Success.
2025-03-25 15:14:47 Latest version is 1.8.9
2025-03-25 15:14:47 App is up to date.
2025-03-26 00:36:09 Loading main app package /usr/lib/obsidian/obsidian.asar
2025-03-26 00:36:09 Checking for update using Github
2025-03-26 00:36:15 Success.
2025-03-26 00:36:15 Latest version is 1.8.9
2025-03-26 00:36:15 App is up to date.
2025-04-11 19:24:40 Loading main app package /usr/lib/obsidian/obsidian.asar
2025-04-11 19:24:40 Checking for update using Github
2025-04-11 19:24:40 Success.
2025-04-11 19:24:40 Latest version is 1.8.9
2025-04-11 19:24:40 App is up to date.
2025-04-11 20:24:40 Checking for update using Github
2025-04-11 20:24:40 Success.
2025-04-11 20:24:40 Latest version is 1.8.9
2025-04-11 20:24:40 App is up to date.
2025-04-11 21:24:40 Checking for update using Github
2025-04-11 21:24:40 Success.
2025-04-11 21:24:40 Latest version is 1.8.9
2025-04-11 21:24:40 App is up to date.
2025-04-11 22:24:40 Checking for update using Github
2025-04-11 22:24:40 Success.
2025-04-11 22:24:40 Latest version is 1.8.9
2025-04-11 22:24:40 App is up to date.
2025-04-12 00:23:32 Checking for update using Github
2025-04-12 00:23:32 Success.
2025-04-12 00:23:32 Latest version is 1.8.9
2025-04-12 00:23:32 App is up to date.
2025-04-12 01:23:32 Checking for update using Github
2025-04-12 01:23:32 Success.
2025-04-12 01:23:32 Latest version is 1.8.9
2025-04-12 01:23:32 App is up to date.
2025-04-12 05:11:30 Checking for update using Github
2025-04-12 05:11:30 Success.
2025-04-12 05:11:30 Latest version is 1.8.9
2025-04-12 05:11:30 App is up to date.
2025-04-12 06:11:30 Checking for update using Github
2025-04-12 06:11:30 Success.
2025-04-12 06:11:30 Latest version is 1.8.9
2025-04-12 06:11:30 App is up to date.
2025-04-12 07:11:30 Checking for update using Github
2025-04-12 07:11:30 Success.
2025-04-12 07:11:30 Latest version is 1.8.9
2025-04-12 07:11:30 App is up to date.
2025-04-12 08:11:30 Checking for update using Github
2025-04-12 08:11:30 Success.
2025-04-12 08:11:30 Latest version is 1.8.9
2025-04-12 08:11:30 App is up to date.
2025-04-12 14:58:46 Loading main app package /usr/lib/obsidian/obsidian.asar
2025-04-12 14:58:46 Checking for update using Github
2025-04-12 14:58:52 Success.
2025-04-12 14:58:52 Latest version is 1.8.9
2025-04-12 14:58:52 App is up to date.
2025-04-12 15:58:47 Checking for update using Github
2025-04-12 15:58:47 Success.
2025-04-12 15:58:47 Latest version is 1.8.9
2025-04-12 15:58:47 App is up to date.
2025-04-12 16:58:47 Checking for update using Github
2025-04-12 16:58:47 Success.
2025-04-12 16:58:47 Latest version is 1.8.9
2025-04-12 16:58:47 App is up to date.
2025-04-12 17:58:47 Checking for update using Github
2025-04-12 17:58:47 Success.
2025-04-12 17:58:47 Latest version is 1.8.9
2025-04-12 17:58:47 App is up to date.
2025-04-17 05:15:42 Loading main app package /usr/lib/obsidian/obsidian.asar
2025-04-17 05:15:42 Checking for update using Github
2025-04-17 05:15:43 Success.
2025-04-17 05:15:43 Latest version is 1.8.9
2025-04-17 05:15:43 App is up to date.
